<?xml version="1.0" encoding="UTF-8" ?>
<testsuite failures="0" time="0.388" errors="0" skipped="0" tests="90" name="org.apache.xmpbox.schema.PhotoshopSchemaTest">
  <properties>
    <property name="java.runtime.name" value="Java(TM) SE Runtime Environment"/>
    <property name="sun.boot.library.path" value="C:\Program Files\Java\jdk1.7.0_17\jre\bin"/>
    <property name="java.vm.version" value="23.7-b01"/>
    <property name="java.vm.vendor" value="Oracle Corporation"/>
    <property name="java.vendor.url" value="http://java.oracle.com/"/>
    <property name="path.separator" value=";"/>
    <property name="guice.disable.misplaced.annotation.check" value="true"/>
    <property name="java.vm.name" value="Java HotSpot(TM) 64-Bit Server VM"/>
    <property name="file.encoding.pkg" value="sun.io"/>
    <property name="user.script" value=""/>
    <property name="user.country" value="RU"/>
    <property name="sun.java.launcher" value="SUN_STANDARD"/>
    <property name="sun.os.patch.level" value="Service Pack 1"/>
    <property name="java.vm.specification.name" value="Java Virtual Machine Specification"/>
    <property name="user.dir" value="C:\Users\Alex\Desktop\Diploma\Project\TextMining"/>
    <property name="java.runtime.version" value="1.7.0_17-b02"/>
    <property name="java.awt.graphicsenv" value="sun.awt.Win32GraphicsEnvironment"/>
    <property name="java.endorsed.dirs" value="C:\Program Files\Java\jdk1.7.0_17\jre\lib\endorsed"/>
    <property name="os.arch" value="amd64"/>
    <property name="java.io.tmpdir" value="C:\Users\Alex\AppData\Local\Temp\"/>
    <property name="line.separator" value="
"/>
    <property name="java.vm.specification.vendor" value="Oracle Corporation"/>
    <property name="user.variant" value=""/>
    <property name="os.name" value="Windows 7"/>
    <property name="classworlds.conf" value="C:\Program Files\maven\apache-maven-3.1.0\bin\m2.conf"/>
    <property name="sun.jnu.encoding" value="Cp1251"/>
    <property name="java.library.path" value="C:\Program Files\Java\jdk1.7.0_17\bin;C:\Windows\Sun\Java\bin;C:\Windows\system32;C:\Windows;C:\Program Files (x86)\AMD APP\bin\x86_64;C:\Program Files (x86)\AMD APP\bin\x86;C:\Program Files\Common Files\Microsoft Shared\Windows Live;C:\Program Files (x86)\Common Files\Microsoft Shared\Windows Live;C:\Windows\system32;C:\Windows;C:\Windows\System32\Wbem;C:\Windows\System32\WindowsPowerShell\v1.0\;C:\Program Files (x86)\Windows Live\Shared;;C:\Program Files (x86)\ATI Technologies\ATI.ACE\Core-Static;C:\Program Files\maven\apache-maven-3.1.0\bin;C:\Program Files\Java\jdk1.7.0_17\\bin;C:\Users\Alex\Desktop\JS7\JBoss\jboss-as-7.1.1.Final\jboss-as-7.1.1.Final\bin;C:\Users\Alex\Desktop\JS7\Tomcat\apache-tomcat-7.0.37-windows-x64\apache-tomcat-7.0.37\bin;C:\Program Files\Microsoft SQL Server\110\Tools\Binn\;D:\Program Files\forge\forge-distribution-1.3.3.Final\bin;C:\Program Files\ant\\bin;D:\Program Files\Flex\bin;C:\Program Files\TortoiseSVN\bin;C:\Program Files (x86)\VisualSVN Server\bin;C:\grails\grails-2.3.4\bin;C:\hadoop\hadoop\hadoop\bin;C:\groovy\groovy-2.2.1\bin;C:\RailsInstaller3\Git\cmd;C:\RailsInstaller3\Ruby2.0.0\bin;C:\RailsInstaller\Git\cmd;C:\RailsInstaller\Ruby1.9.3\bin;."/>
    <property name="java.specification.name" value="Java Platform API Specification"/>
    <property name="java.class.version" value="51.0"/>
    <property name="sun.management.compiler" value="HotSpot 64-Bit Tiered Compilers"/>
    <property name="os.version" value="6.1"/>
    <property name="user.home" value="C:\Users\Alex"/>
    <property name="user.timezone" value="Europe/Moscow"/>
    <property name="java.awt.printerjob" value="sun.awt.windows.WPrinterJob"/>
    <property name="java.specification.version" value="1.7"/>
    <property name="file.encoding" value="Cp1251"/>
    <property name="user.name" value="Alex"/>
    <property name="java.class.path" value="C:\Program Files\maven\apache-maven-3.1.0\boot\plexus-classworlds-2.4.2.jar"/>
    <property name="org.slf4j.simpleLogger.defaultLogLevel" value="info"/>
    <property name="java.vm.specification.version" value="1.7"/>
    <property name="sun.arch.data.model" value="64"/>
    <property name="java.home" value="C:\Program Files\Java\jdk1.7.0_17\jre"/>
    <property name="sun.java.command" value="org.codehaus.plexus.classworlds.launcher.Launcher clean install"/>
    <property name="java.specification.vendor" value="Oracle Corporation"/>
    <property name="user.language" value="ru"/>
    <property name="awt.toolkit" value="sun.awt.windows.WToolkit"/>
    <property name="java.vm.info" value="mixed mode"/>
    <property name="java.version" value="1.7.0_17"/>
    <property name="java.ext.dirs" value="C:\Program Files\Java\jdk1.7.0_17\jre\lib\ext;C:\Windows\Sun\Java\lib\ext"/>
    <property name="sun.boot.class.path" value="C:\Program Files\Java\jdk1.7.0_17\jre\lib\resources.jar;C:\Program Files\Java\jdk1.7.0_17\jre\lib\rt.jar;C:\Program Files\Java\jdk1.7.0_17\jre\lib\sunrsasign.jar;C:\Program Files\Java\jdk1.7.0_17\jre\lib\jsse.jar;C:\Program Files\Java\jdk1.7.0_17\jre\lib\jce.jar;C:\Program Files\Java\jdk1.7.0_17\jre\lib\charsets.jar;C:\Program Files\Java\jdk1.7.0_17\jre\lib\jfr.jar;C:\Program Files\Java\jdk1.7.0_17\jre\classes"/>
    <property name="java.vendor" value="Oracle Corporation"/>
    <property name="maven.home" value="C:\Program Files\maven\apache-maven-3.1.0"/>
    <property name="file.separator" value="\"/>
    <property name="java.vendor.url.bug" value="http://bugreport.sun.com/bugreport/"/>
    <property name="sun.cpu.endian" value="little"/>
    <property name="sun.io.unicode.encoding" value="UnicodeLittle"/>
    <property name="sun.desktop" value="windows"/>
    <property name="sun.cpu.isalist" value="amd64"/>
  </properties>
  <testcase time="0.004" classname="org.apache.xmpbox.schema.PhotoshopSchemaTest" name="testPropertySetterInArray[0]"/>
  <testcase time="0.004" classname="org.apache.xmpbox.schema.PhotoshopSchemaTest" name="testSettingValueInArray[0]"/>
  <testcase time="0.003" classname="org.apache.xmpbox.schema.PhotoshopSchemaTest" name="testInitializedToNull[0]"/>
  <testcase time="0.004" classname="org.apache.xmpbox.schema.PhotoshopSchemaTest" name="testSettingValue[0]"/>
  <testcase time="0.003" classname="org.apache.xmpbox.schema.PhotoshopSchemaTest" name="testPropertySetterSimple[0]"/>
  <testcase time="0.004" classname="org.apache.xmpbox.schema.PhotoshopSchemaTest" name="testPropertySetterInArray[1]"/>
  <testcase time="0.004" classname="org.apache.xmpbox.schema.PhotoshopSchemaTest" name="testSettingValueInArray[1]"/>
  <testcase time="0.004" classname="org.apache.xmpbox.schema.PhotoshopSchemaTest" name="testInitializedToNull[1]"/>
  <testcase time="0.004" classname="org.apache.xmpbox.schema.PhotoshopSchemaTest" name="testSettingValue[1]"/>
  <testcase time="0.005" classname="org.apache.xmpbox.schema.PhotoshopSchemaTest" name="testPropertySetterSimple[1]"/>
  <testcase time="0.005" classname="org.apache.xmpbox.schema.PhotoshopSchemaTest" name="testPropertySetterInArray[2]"/>
  <testcase time="0.006" classname="org.apache.xmpbox.schema.PhotoshopSchemaTest" name="testSettingValueInArray[2]"/>
  <testcase time="0.005" classname="org.apache.xmpbox.schema.PhotoshopSchemaTest" name="testInitializedToNull[2]"/>
  <testcase time="0.005" classname="org.apache.xmpbox.schema.PhotoshopSchemaTest" name="testSettingValue[2]"/>
  <testcase time="0.005" classname="org.apache.xmpbox.schema.PhotoshopSchemaTest" name="testPropertySetterSimple[2]"/>
  <testcase time="0.005" classname="org.apache.xmpbox.schema.PhotoshopSchemaTest" name="testPropertySetterInArray[3]"/>
  <testcase time="0.006" classname="org.apache.xmpbox.schema.PhotoshopSchemaTest" name="testSettingValueInArray[3]"/>
  <testcase time="0.005" classname="org.apache.xmpbox.schema.PhotoshopSchemaTest" name="testInitializedToNull[3]"/>
  <testcase time="0.006" classname="org.apache.xmpbox.schema.PhotoshopSchemaTest" name="testSettingValue[3]"/>
  <testcase time="0.005" classname="org.apache.xmpbox.schema.PhotoshopSchemaTest" name="testPropertySetterSimple[3]"/>
  <testcase time="0.005" classname="org.apache.xmpbox.schema.PhotoshopSchemaTest" name="testPropertySetterInArray[4]"/>
  <testcase time="0.005" classname="org.apache.xmpbox.schema.PhotoshopSchemaTest" name="testSettingValueInArray[4]"/>
  <testcase time="0.004" classname="org.apache.xmpbox.schema.PhotoshopSchemaTest" name="testInitializedToNull[4]"/>
  <testcase time="0.005" classname="org.apache.xmpbox.schema.PhotoshopSchemaTest" name="testSettingValue[4]"/>
  <testcase time="0.005" classname="org.apache.xmpbox.schema.PhotoshopSchemaTest" name="testPropertySetterSimple[4]"/>
  <testcase time="0.004" classname="org.apache.xmpbox.schema.PhotoshopSchemaTest" name="testPropertySetterInArray[5]"/>
  <testcase time="0.004" classname="org.apache.xmpbox.schema.PhotoshopSchemaTest" name="testSettingValueInArray[5]"/>
  <testcase time="0.007" classname="org.apache.xmpbox.schema.PhotoshopSchemaTest" name="testInitializedToNull[5]"/>
  <testcase time="0.006" classname="org.apache.xmpbox.schema.PhotoshopSchemaTest" name="testSettingValue[5]"/>
  <testcase time="0.006" classname="org.apache.xmpbox.schema.PhotoshopSchemaTest" name="testPropertySetterSimple[5]"/>
  <testcase time="0.005" classname="org.apache.xmpbox.schema.PhotoshopSchemaTest" name="testPropertySetterInArray[6]"/>
  <testcase time="0.005" classname="org.apache.xmpbox.schema.PhotoshopSchemaTest" name="testSettingValueInArray[6]"/>
  <testcase time="0.007" classname="org.apache.xmpbox.schema.PhotoshopSchemaTest" name="testInitializedToNull[6]"/>
  <testcase time="0.006" classname="org.apache.xmpbox.schema.PhotoshopSchemaTest" name="testSettingValue[6]"/>
  <testcase time="0.005" classname="org.apache.xmpbox.schema.PhotoshopSchemaTest" name="testPropertySetterSimple[6]"/>
  <testcase time="0.004" classname="org.apache.xmpbox.schema.PhotoshopSchemaTest" name="testPropertySetterInArray[7]"/>
  <testcase time="0.004" classname="org.apache.xmpbox.schema.PhotoshopSchemaTest" name="testSettingValueInArray[7]"/>
  <testcase time="0.006" classname="org.apache.xmpbox.schema.PhotoshopSchemaTest" name="testInitializedToNull[7]"/>
  <testcase time="0.007" classname="org.apache.xmpbox.schema.PhotoshopSchemaTest" name="testSettingValue[7]"/>
  <testcase time="0.006" classname="org.apache.xmpbox.schema.PhotoshopSchemaTest" name="testPropertySetterSimple[7]"/>
  <testcase time="0.007" classname="org.apache.xmpbox.schema.PhotoshopSchemaTest" name="testPropertySetterInArray[8]"/>
  <testcase time="0.006" classname="org.apache.xmpbox.schema.PhotoshopSchemaTest" name="testSettingValueInArray[8]"/>
  <testcase time="0.005" classname="org.apache.xmpbox.schema.PhotoshopSchemaTest" name="testInitializedToNull[8]"/>
  <testcase time="0.006" classname="org.apache.xmpbox.schema.PhotoshopSchemaTest" name="testSettingValue[8]"/>
  <testcase time="0.005" classname="org.apache.xmpbox.schema.PhotoshopSchemaTest" name="testPropertySetterSimple[8]"/>
  <testcase time="0.003" classname="org.apache.xmpbox.schema.PhotoshopSchemaTest" name="testPropertySetterInArray[9]"/>
  <testcase time="0.003" classname="org.apache.xmpbox.schema.PhotoshopSchemaTest" name="testSettingValueInArray[9]"/>
  <testcase time="0.003" classname="org.apache.xmpbox.schema.PhotoshopSchemaTest" name="testInitializedToNull[9]"/>
  <testcase time="0.004" classname="org.apache.xmpbox.schema.PhotoshopSchemaTest" name="testSettingValue[9]"/>
  <testcase time="0.004" classname="org.apache.xmpbox.schema.PhotoshopSchemaTest" name="testPropertySetterSimple[9]"/>
  <testcase time="0.003" classname="org.apache.xmpbox.schema.PhotoshopSchemaTest" name="testPropertySetterInArray[10]"/>
  <testcase time="0.004" classname="org.apache.xmpbox.schema.PhotoshopSchemaTest" name="testSettingValueInArray[10]"/>
  <testcase time="0.003" classname="org.apache.xmpbox.schema.PhotoshopSchemaTest" name="testInitializedToNull[10]"/>
  <testcase time="0.004" classname="org.apache.xmpbox.schema.PhotoshopSchemaTest" name="testSettingValue[10]"/>
  <testcase time="0.003" classname="org.apache.xmpbox.schema.PhotoshopSchemaTest" name="testPropertySetterSimple[10]"/>
  <testcase time="0.003" classname="org.apache.xmpbox.schema.PhotoshopSchemaTest" name="testPropertySetterInArray[11]"/>
  <testcase time="0.004" classname="org.apache.xmpbox.schema.PhotoshopSchemaTest" name="testSettingValueInArray[11]"/>
  <testcase time="0.003" classname="org.apache.xmpbox.schema.PhotoshopSchemaTest" name="testInitializedToNull[11]"/>
  <testcase time="0.004" classname="org.apache.xmpbox.schema.PhotoshopSchemaTest" name="testSettingValue[11]"/>
  <testcase time="0.004" classname="org.apache.xmpbox.schema.PhotoshopSchemaTest" name="testPropertySetterSimple[11]"/>
  <testcase time="0.003" classname="org.apache.xmpbox.schema.PhotoshopSchemaTest" name="testPropertySetterInArray[12]"/>
  <testcase time="0.004" classname="org.apache.xmpbox.schema.PhotoshopSchemaTest" name="testSettingValueInArray[12]"/>
  <testcase time="0.003" classname="org.apache.xmpbox.schema.PhotoshopSchemaTest" name="testInitializedToNull[12]"/>
  <testcase time="0.004" classname="org.apache.xmpbox.schema.PhotoshopSchemaTest" name="testSettingValue[12]"/>
  <testcase time="0.003" classname="org.apache.xmpbox.schema.PhotoshopSchemaTest" name="testPropertySetterSimple[12]"/>
  <testcase time="0.003" classname="org.apache.xmpbox.schema.PhotoshopSchemaTest" name="testPropertySetterInArray[13]"/>
  <testcase time="0.003" classname="org.apache.xmpbox.schema.PhotoshopSchemaTest" name="testSettingValueInArray[13]"/>
  <testcase time="0.004" classname="org.apache.xmpbox.schema.PhotoshopSchemaTest" name="testInitializedToNull[13]"/>
  <testcase time="0.003" classname="org.apache.xmpbox.schema.PhotoshopSchemaTest" name="testSettingValue[13]"/>
  <testcase time="0.004" classname="org.apache.xmpbox.schema.PhotoshopSchemaTest" name="testPropertySetterSimple[13]"/>
  <testcase time="0.003" classname="org.apache.xmpbox.schema.PhotoshopSchemaTest" name="testPropertySetterInArray[14]"/>
  <testcase time="0.004" classname="org.apache.xmpbox.schema.PhotoshopSchemaTest" name="testSettingValueInArray[14]"/>
  <testcase time="0.003" classname="org.apache.xmpbox.schema.PhotoshopSchemaTest" name="testInitializedToNull[14]"/>
  <testcase time="0.003" classname="org.apache.xmpbox.schema.PhotoshopSchemaTest" name="testSettingValue[14]"/>
  <testcase time="0.004" classname="org.apache.xmpbox.schema.PhotoshopSchemaTest" name="testPropertySetterSimple[14]"/>
  <testcase time="0.004" classname="org.apache.xmpbox.schema.PhotoshopSchemaTest" name="testPropertySetterInArray[15]"/>
  <testcase time="0.003" classname="org.apache.xmpbox.schema.PhotoshopSchemaTest" name="testSettingValueInArray[15]"/>
  <testcase time="0.003" classname="org.apache.xmpbox.schema.PhotoshopSchemaTest" name="testInitializedToNull[15]"/>
  <testcase time="0.004" classname="org.apache.xmpbox.schema.PhotoshopSchemaTest" name="testSettingValue[15]"/>
  <testcase time="0.003" classname="org.apache.xmpbox.schema.PhotoshopSchemaTest" name="testPropertySetterSimple[15]"/>
  <testcase time="0.003" classname="org.apache.xmpbox.schema.PhotoshopSchemaTest" name="testPropertySetterInArray[16]"/>
  <testcase time="0.004" classname="org.apache.xmpbox.schema.PhotoshopSchemaTest" name="testSettingValueInArray[16]"/>
  <testcase time="0.004" classname="org.apache.xmpbox.schema.PhotoshopSchemaTest" name="testInitializedToNull[16]"/>
  <testcase time="0.004" classname="org.apache.xmpbox.schema.PhotoshopSchemaTest" name="testSettingValue[16]"/>
  <testcase time="0.005" classname="org.apache.xmpbox.schema.PhotoshopSchemaTest" name="testPropertySetterSimple[16]"/>
  <testcase time="0.005" classname="org.apache.xmpbox.schema.PhotoshopSchemaTest" name="testPropertySetterInArray[17]"/>
  <testcase time="0.004" classname="org.apache.xmpbox.schema.PhotoshopSchemaTest" name="testSettingValueInArray[17]"/>
  <testcase time="0.004" classname="org.apache.xmpbox.schema.PhotoshopSchemaTest" name="testInitializedToNull[17]"/>
  <testcase time="0.004" classname="org.apache.xmpbox.schema.PhotoshopSchemaTest" name="testSettingValue[17]"/>
  <testcase time="0.004" classname="org.apache.xmpbox.schema.PhotoshopSchemaTest" name="testPropertySetterSimple[17]"/>
</testsuite>